<?xml version="1.0" encoding="UTF-8"?>
<testng-results ignored="0" total="1" passed="1" failed="0" skipped="0">
  <reporter-output>
  </reporter-output>
  <suite started-at="2023-12-28T21:34:17 IST" name="Default suite" finished-at="2023-12-28T21:34:21 IST" duration-ms="4333">
    <groups>
    </groups>
    <test started-at="2023-12-28T21:34:17 IST" name="Default test" finished-at="2023-12-28T21:34:21 IST" duration-ms="4333">
      <class name="SeleniumBasics.SeleniumPractics">
        <test-method signature="SeleniumBasics()[pri:0, instance:SeleniumBasics.SeleniumPractics@55b699ef]" started-at="2023-12-28T21:34:17 IST" name="SeleniumBasics" finished-at="2023-12-28T21:34:21 IST" duration-ms="4284" status="PASS">
          <reporter-output>
          </reporter-output>
        </test-method> <!-- SeleniumBasics -->
      </class> <!-- SeleniumBasics.SeleniumPractics -->
    </test> <!-- Default test -->
  </suite> <!-- Default suite -->
</testng-results>
